{"total": {"lines":{"total":40,"covered":39,"skipped":0,"pct":97.5},"statements":{"total":40,"covered":39,"skipped":0,"pct":97.5},"functions":{"total":12,"covered":12,"skipped":0,"pct":100},"branches":{"total":40,"covered":40,"skipped":0,"pct":100},"branchesTrue":{"total":0,"covered":0,"skipped":0,"pct":100}}
,"E:\\Up\\Trab Camp\\Proyecto\\greenhouse-fe\\src\\components\\ui\\ConfirmModal.css": {"lines":{"total":0,"covered":0,"skipped":0,"pct":0},"functions":{"total":0,"covered":0,"skipped":0,"pct":0},"statements":{"total":0,"covered":0,"skipped":0,"pct":0},"branches":{"total":0,"covered":0,"skipped":0,"pct":0}}
,"E:\\Up\\Trab Camp\\Proyecto\\greenhouse-fe\\src\\components\\ui\\ConfirmModal.jsx": {"lines":{"total":2,"covered":2,"skipped":0,"pct":100},"functions":{"total":1,"covered":1,"skipped":0,"pct":100},"statements":{"total":2,"covered":2,"skipped":0,"pct":100},"branches":{"total":7,"covered":7,"skipped":0,"pct":100}}
,"E:\\Up\\Trab Camp\\Proyecto\\greenhouse-fe\\src\\components\\utils\\ConvertBase64File.jsx": {"lines":{"total":14,"covered":14,"skipped":0,"pct":100},"functions":{"total":4,"covered":4,"skipped":0,"pct":100},"statements":{"total":14,"covered":14,"skipped":0,"pct":100},"branches":{"total":2,"covered":2,"skipped":0,"pct":100}}
,"E:\\Up\\Trab Camp\\Proyecto\\greenhouse-fe\\src\\features\\dashboard\\user\\components\\userInfo\\UserInfo.css": {"lines":{"total":0,"covered":0,"skipped":0,"pct":0},"functions":{"total":0,"covered":0,"skipped":0,"pct":0},"statements":{"total":0,"covered":0,"skipped":0,"pct":0},"branches":{"total":0,"covered":0,"skipped":0,"pct":0}}
,"E:\\Up\\Trab Camp\\Proyecto\\greenhouse-fe\\src\\features\\dashboard\\user\\components\\userInfo\\UserInfo.jsx": {"lines":{"total":24,"covered":23,"skipped":0,"pct":95.83},"functions":{"total":7,"covered":7,"skipped":0,"pct":100},"statements":{"total":24,"covered":23,"skipped":0,"pct":95.83},"branches":{"total":31,"covered":31,"skipped":0,"pct":100}}
}
